
> lp-consumidor@0.1.0 build /home/user/Lp-mallon/apps/lp-consumidor
> next build

Attention: Next.js now collects completely anonymous telemetry regarding usage.
This information is used to shape Next.js' roadmap and prioritize features.
You can learn more, including how to opt-out if you'd not like to participate in this anonymous program, by visiting the following URL:
https://nextjs.org/telemetry

   ▲ Next.js 15.1.0

   Creating an optimized production build ...
request to https://fonts.googleapis.com/css2?family=Plus+Jakarta+Sans:wght@400;500;600;700;800&display=swap failed, reason: self-signed certificate in certificate chain

Retrying 1/3...
request to https://fonts.googleapis.com/css2?family=Inter:wght@400;500;600&display=swap failed, reason: self-signed certificate in certificate chain

Retrying 1/3...
request to https://fonts.googleapis.com/css2?family=Plus+Jakarta+Sans:wght@400;500;600;700;800&display=swap failed, reason: self-signed certificate in certificate chain

Retrying 2/3...
request to https://fonts.googleapis.com/css2?family=Inter:wght@400;500;600&display=swap failed, reason: self-signed certificate in certificate chain

Retrying 2/3...
request to https://fonts.googleapis.com/css2?family=Plus+Jakarta+Sans:wght@400;500;600;700;800&display=swap failed, reason: self-signed certificate in certificate chain

Retrying 3/3...
request to https://fonts.googleapis.com/css2?family=Inter:wght@400;500;600&display=swap failed, reason: self-signed certificate in certificate chain

Retrying 3/3...
[Error [FetchError]: request to https://fonts.googleapis.com/css2?family=Plus+Jakarta+Sans:wght@400;500;600;700;800&display=swap failed, reason: self-signed certificate in certificate chain] {
  type: 'system',
  errno: 'SELF_SIGNED_CERT_IN_CHAIN',
  code: 'SELF_SIGNED_CERT_IN_CHAIN',
  constructor: [Function: FetchError]
}
[Error [FetchError]: request to https://fonts.googleapis.com/css2?family=Inter:wght@400;500;600&display=swap failed, reason: self-signed certificate in certificate chain] {
  type: 'system',
  errno: 'SELF_SIGNED_CERT_IN_CHAIN',
  code: 'SELF_SIGNED_CERT_IN_CHAIN',
  constructor: [Function: FetchError]
}
Failed to compile.

src/app/layout.tsx
`next/font` error:
Failed to fetch `Inter` from Google Fonts.

src/app/layout.tsx
`next/font` error:
Failed to fetch `Plus Jakarta Sans` from Google Fonts.


> Build failed because of webpack errors
 ELIFECYCLE  Command failed with exit code 1.
